<?xml version="1.0" encoding="UTF-8"?>
<testng-results ignored="0" total="6" passed="6" failed="0" skipped="0">
  <reporter-output>
  </reporter-output>
  <suite started-at="2022-01-05T20:04:21Z" name="Default suite" finished-at="2022-01-05T20:04:33Z" duration-ms="11888">
    <groups>
      <group name="cucumber">
        <method signature="AbstractTestNGCucumberTests.runScenario(io.cucumber.testng.PickleWrapper, io.cucumber.testng.FeatureWrapper)[pri:0, instance:com.runner3.MyRunner3@1b8a29df]" name="runScenario" class="io.cucumber.testng.AbstractTestNGCucumberTests"/>
      </group> <!-- cucumber -->
    </groups>
    <test started-at="2022-01-05T20:04:21Z" name="Default test" finished-at="2022-01-05T20:04:33Z" duration-ms="11888">
      <class name="com.runner3.MyRunner3">
        <test-method is-config="true" signature="setUpClass()[pri:0, instance:com.runner3.MyRunner3@1b8a29df]" started-at="2022-01-05T20:04:21Z" name="setUpClass" finished-at="2022-01-05T20:04:21Z" duration-ms="250" status="PASS">
          <reporter-output>
          </reporter-output>
        </test-method> <!-- setUpClass -->
        <test-method signature="runScenario(io.cucumber.testng.PickleWrapper, io.cucumber.testng.FeatureWrapper)[pri:0, instance:com.runner3.MyRunner3@1b8a29df]" started-at="2022-01-05T20:04:21Z" name="runScenario" description="Runs Cucumber Scenarios" data-provider="scenarios" finished-at="2022-01-05T20:04:24Z" duration-ms="2768" status="PASS">
          <params>
            <param index="0">
              <value>
                <![CDATA["User should be able to login and varify the account"]]>
              </value>
            </param>
            <param index="1">
              <value>
                <![CDATA["Optional[User is able to login with valid username and password]"]]>
              </value>
            </param>
          </params>
          <reporter-output>
          </reporter-output>
        </test-method> <!-- runScenario -->
        <test-method signature="runScenario(io.cucumber.testng.PickleWrapper, io.cucumber.testng.FeatureWrapper)[pri:0, instance:com.runner3.MyRunner3@1b8a29df]" started-at="2022-01-05T20:04:24Z" name="runScenario" description="Runs Cucumber Scenarios" data-provider="scenarios" finished-at="2022-01-05T20:04:25Z" duration-ms="1731" status="PASS">
          <params>
            <param index="0">
              <value>
                <![CDATA["User should be able to login and varify the account"]]>
              </value>
            </param>
            <param index="1">
              <value>
                <![CDATA["Optional[User is able to login with valid username and password]"]]>
              </value>
            </param>
          </params>
          <reporter-output>
          </reporter-output>
        </test-method> <!-- runScenario -->
        <test-method signature="runScenario(io.cucumber.testng.PickleWrapper, io.cucumber.testng.FeatureWrapper)[pri:0, instance:com.runner3.MyRunner3@1b8a29df]" started-at="2022-01-05T20:04:25Z" name="runScenario" description="Runs Cucumber Scenarios" data-provider="scenarios" finished-at="2022-01-05T20:04:27Z" duration-ms="1774" status="PASS">
          <params>
            <param index="0">
              <value>
                <![CDATA["User should be able to login and varify the account"]]>
              </value>
            </param>
            <param index="1">
              <value>
                <![CDATA["Optional[User is able to login with valid username and password]"]]>
              </value>
            </param>
          </params>
          <reporter-output>
          </reporter-output>
        </test-method> <!-- runScenario -->
        <test-method signature="runScenario(io.cucumber.testng.PickleWrapper, io.cucumber.testng.FeatureWrapper)[pri:0, instance:com.runner3.MyRunner3@1b8a29df]" started-at="2022-01-05T20:04:27Z" name="runScenario" description="Runs Cucumber Scenarios" data-provider="scenarios" finished-at="2022-01-05T20:04:29Z" duration-ms="1739" status="PASS">
          <params>
            <param index="0">
              <value>
                <![CDATA["User should be able to login and varify the account"]]>
              </value>
            </param>
            <param index="1">
              <value>
                <![CDATA["Optional[User is able to login with valid username and password]"]]>
              </value>
            </param>
          </params>
          <reporter-output>
          </reporter-output>
        </test-method> <!-- runScenario -->
        <test-method signature="runScenario(io.cucumber.testng.PickleWrapper, io.cucumber.testng.FeatureWrapper)[pri:0, instance:com.runner3.MyRunner3@1b8a29df]" started-at="2022-01-05T20:04:29Z" name="runScenario" description="Runs Cucumber Scenarios" data-provider="scenarios" finished-at="2022-01-05T20:04:31Z" duration-ms="1774" status="PASS">
          <params>
            <param index="0">
              <value>
                <![CDATA["User should be able to login and varify the account"]]>
              </value>
            </param>
            <param index="1">
              <value>
                <![CDATA["Optional[User is able to login with valid username and password]"]]>
              </value>
            </param>
          </params>
          <reporter-output>
          </reporter-output>
        </test-method> <!-- runScenario -->
        <test-method signature="runScenario(io.cucumber.testng.PickleWrapper, io.cucumber.testng.FeatureWrapper)[pri:0, instance:com.runner3.MyRunner3@1b8a29df]" started-at="2022-01-05T20:04:31Z" name="runScenario" description="Runs Cucumber Scenarios" data-provider="scenarios" finished-at="2022-01-05T20:04:32Z" duration-ms="1770" status="PASS">
          <params>
            <param index="0">
              <value>
                <![CDATA["User should be able to login and varify the account"]]>
              </value>
            </param>
            <param index="1">
              <value>
                <![CDATA["Optional[User is able to login with valid username and password]"]]>
              </value>
            </param>
          </params>
          <reporter-output>
          </reporter-output>
        </test-method> <!-- runScenario -->
        <test-method is-config="true" signature="tearDownClass()[pri:0, instance:com.runner3.MyRunner3@1b8a29df]" started-at="2022-01-05T20:04:32Z" name="tearDownClass" finished-at="2022-01-05T20:04:33Z" duration-ms="56" status="PASS">
          <reporter-output>
          </reporter-output>
        </test-method> <!-- tearDownClass -->
      </class> <!-- com.runner3.MyRunner3 -->
    </test> <!-- Default test -->
  </suite> <!-- Default suite -->
</testng-results>
